<?xml version="1.0" encoding="UTF-8"?>
<!-- Generated by org.testng.reporters.JUnitReportReporter -->
<testsuite hostname="kelwajiAspire" failures="0" tests="2" name="saucedemo.loginTest" time="25.880" errors="0" timestamp="2023-02-05T13:44:40 IST" skipped="0">
  <testcase classname="saucedemo.loginTest" name="loginTest" time="17.493"/>
  <system-out/>
  <testcase classname="saucedemo.loginTest" name="loginTest" time="8.387"/>
  <system-out/>
</testsuite> <!-- saucedemo.loginTest -->
